<?xml version="1.0" encoding="UTF-8"?>
<!-- Generated by org.testng.reporters.JUnitReportReporter -->
<testsuite hostname="GaneshDanve" failures="0" tests="5" name="com.orangehrm.testcase.LoginPageTest" time="61.945" errors="0" timestamp="2025-09-13T15:02:08 IST" skipped="0">
  <testcase classname="com.orangehrm.testcase.LoginPageTest" name="loginfunction1" time="13.342"/>
  <testcase classname="com.orangehrm.testcase.LoginPageTest" name="loginfunction2" time="10.197"/>
  <testcase classname="com.orangehrm.testcase.LoginPageTest" name="loginfunction3" time="8.779"/>
  <testcase classname="com.orangehrm.testcase.LoginPageTest" name="loginfunction4" time="17.980"/>
  <testcase classname="com.orangehrm.testcase.LoginPageTest" name="WrongPasswrd" time="11.647"/>
</testsuite> <!-- com.orangehrm.testcase.LoginPageTest -->
