<?xml version="1.0" encoding="UTF-8"?>
<!-- Generated by org.testng.reporters.JUnitReportReporter -->
<testsuite hostname="GaneshDanve" failures="0" tests="1" name="com.mystore.testcase.TC_AccountCreationDetailsTest" time="23.319" errors="0" timestamp="2025-09-14T15:10:45 IST" skipped="0">
  <testcase classname="com.mystore.testcase.TC_AccountCreationDetailsTest" name="accountDetails" time="23.319"/>
</testsuite> <!-- com.mystore.testcase.TC_AccountCreationDetailsTest -->
