<?xml version="1.0" encoding="UTF-8"?>
<!-- Generated by org.testng.reporters.JUnitReportReporter -->
<testsuite hostname="DESKTOP-8R8BS65" failures="0" tests="2" name="com.mystore.testcase.TC_AccountCreationDetailsTest" time="26.018" errors="0" timestamp="2025-09-19T00:09:10 IST" skipped="0">
  <testcase classname="com.mystore.testcase.TC_AccountCreationDetailsTest" name="verifyLogintest" time="12.544"/>
  <testcase classname="com.mystore.testcase.TC_AccountCreationDetailsTest" name="verifyaccountDetails" time="13.474"/>
</testsuite> <!-- com.mystore.testcase.TC_AccountCreationDetailsTest -->
