<?xml version="1.0" encoding="UTF-8"?>
<!-- Generated by org.testng.reporters.JUnitReportReporter -->
<testsuite hostname="GaneshDanve" failures="0" tests="1" name="com.mystore.testcase.TC_AccountCreationDetailsTest" time="22.668" errors="0" timestamp="2025-09-14T14:13:43 IST" skipped="0">
  <testcase classname="com.mystore.testcase.TC_AccountCreationDetailsTest" name="accountDetails" time="22.668"/>
</testsuite> <!-- com.mystore.testcase.TC_AccountCreationDetailsTest -->
