<?xml version="1.0" encoding="UTF-8"?>
<!-- Generated by org.testng.reporters.JUnitReportReporter -->
<testsuite hostname="DESKTOP-8R8BS65" failures="0" tests="1" name="com.mystore.testcase.TC_AccountCreationDetailsTest" time="20.174" errors="0" timestamp="2025-09-18T15:41:55 IST" skipped="0">
  <testcase classname="com.mystore.testcase.TC_AccountCreationDetailsTest" name="accountDetails" time="20.174"/>
</testsuite> <!-- com.mystore.testcase.TC_AccountCreationDetailsTest -->
