<?xml version="1.0" encoding="UTF-8"?>
<!-- Generated by org.testng.reporters.JUnitReportReporter -->
<testsuite hostname="GaneshDanve" failures="0" tests="1" name="com.orangeHRM.Utility.BaseClass" time="1.092" errors="1" timestamp="2025-09-12T11:58:27 IST" skipped="0">
  <testcase classname="com.orangeHRM.Utility.BaseClass" name="BS" time="1.092">
    <error message="Cannot get a NUMERIC value from a STRING cell" type="java.lang.IllegalStateException">
      <![CDATA[java.lang.IllegalStateException: Cannot get a NUMERIC value from a STRING cell
at org.apache.poi.xssf.usermodel.XSSFCell.typeMismatch(XSSFCell.java:982)
at org.apache.poi.xssf.usermodel.XSSFCell.getNumericCellValue(XSSFCell.java:257)
at com.orangeHRM.Utility.ExcelDataProvider.getNumericData(ExcelDataProvider.java:37)
at com.orangeHRM.Utility.BaseClass.BS(BaseClass.java:38)
at java.base/jdk.internal.reflect.DirectMethodHandleAccessor.invoke(DirectMethodHandleAccessor.java:104)
at java.base/java.lang.reflect.Method.invoke(Method.java:578)
at org.testng.internal.invokers.MethodInvocationHelper.invokeMethod(MethodInvocationHelper.java:141)
at org.testng.internal.invokers.MethodInvocationHelper.invokeMethodConsideringTimeout(MethodInvocationHelper.java:71)
at org.testng.internal.invokers.ConfigInvoker.invokeConfigurationMethod(ConfigInvoker.java:400)
at org.testng.internal.invokers.ConfigInvoker.invokeConfigurations(ConfigInvoker.java:333)
at org.testng.SuiteRunner.privateRun(SuiteRunner.java:358)
at org.testng.SuiteRunner.run(SuiteRunner.java:312)
at org.testng.SuiteRunnerWorker.runSuite(SuiteRunnerWorker.java:52)
at org.testng.SuiteRunnerWorker.run(SuiteRunnerWorker.java:95)
at org.testng.TestNG.runSuitesSequentially(TestNG.java:1274)
at org.testng.TestNG.runSuitesLocally(TestNG.java:1208)
at org.testng.TestNG.runSuites(TestNG.java:1112)
at org.testng.TestNG.run(TestNG.java:1079)
at org.testng.remote.AbstractRemoteTestNG.run(AbstractRemoteTestNG.java:115)
at org.testng.remote.RemoteTestNG.initAndRun(RemoteTestNG.java:293)
at org.testng.remote.RemoteTestNG.main(RemoteTestNG.java:91)
]]>
    </error>
  </testcase> <!-- BS -->
</testsuite> <!-- com.orangeHRM.Utility.BaseClass -->
