<?xml version="1.0" encoding="UTF-8"?>
<!-- Generated by org.testng.reporters.JUnitReportReporter -->
<testsuite hostname="GaneshDanve" failures="0" tests="1" name="com.mystore.testcase.TC_MyAccountPageeTest" time="11.623" errors="0" timestamp="2025-09-14T08:51:20 IST" skipped="0">
  <testcase classname="com.mystore.testcase.TC_MyAccountPageeTest" name="verify_RegistrationAndLoging" time="11.623"/>
</testsuite> <!-- com.mystore.testcase.TC_MyAccountPageeTest -->
